/home/pitosalas/linorobot2_ws/src/dome/install/dome/lib/python3.12/site-packages/dome/dome_controller.py
/home/pitosalas/linorobot2_ws/src/dome/install/dome/lib/python3.12/site-packages/dome/timestampmonitor.py
/home/pitosalas/linorobot2_ws/src/dome/install/dome/lib/python3.12/site-packages/dome/trace_tf.py
/home/pitosalas/linorobot2_ws/src/dome/install/dome/lib/python3.12/site-packages/dome/test_opencv.py
/home/pitosalas/linorobot2_ws/src/dome/install/dome/lib/python3.12/site-packages/dome/rotation_test.py
/home/pitosalas/linorobot2_ws/src/dome/install/dome/lib/python3.12/site-packages/dome/test_cmdvel.py
/home/pitosalas/linorobot2_ws/src/dome/install/dome/lib/python3.12/site-packages/dome/topic_hz.py
/home/pitosalas/linorobot2_ws/src/dome/install/dome/lib/python3.12/site-packages/dome/__init__.py
/home/pitosalas/linorobot2_ws/src/dome/install/dome/lib/python3.12/site-packages/dome/trace_sensor_data.py
/home/pitosalas/linorobot2_ws/src/dome/install/dome/lib/python3.12/site-packages/dome/test_cmdvel2.py
/home/pitosalas/linorobot2_ws/src/dome/install/dome/lib/python3.12/site-packages/dome/sensorcsv.py
/home/pitosalas/linorobot2_ws/src/dome/install/dome/lib/python3.12/site-packages/dome/__pycache__/dome_controller.cpython-312.pyc
/home/pitosalas/linorobot2_ws/src/dome/install/dome/lib/python3.12/site-packages/dome/__pycache__/timestampmonitor.cpython-312.pyc
/home/pitosalas/linorobot2_ws/src/dome/install/dome/lib/python3.12/site-packages/dome/__pycache__/trace_tf.cpython-312.pyc
/home/pitosalas/linorobot2_ws/src/dome/install/dome/lib/python3.12/site-packages/dome/__pycache__/test_opencv.cpython-312.pyc
/home/pitosalas/linorobot2_ws/src/dome/install/dome/lib/python3.12/site-packages/dome/__pycache__/rotation_test.cpython-312.pyc
/home/pitosalas/linorobot2_ws/src/dome/install/dome/lib/python3.12/site-packages/dome/__pycache__/test_cmdvel.cpython-312.pyc
/home/pitosalas/linorobot2_ws/src/dome/install/dome/lib/python3.12/site-packages/dome/__pycache__/topic_hz.cpython-312.pyc
/home/pitosalas/linorobot2_ws/src/dome/install/dome/lib/python3.12/site-packages/dome/__pycache__/__init__.cpython-312.pyc
/home/pitosalas/linorobot2_ws/src/dome/install/dome/lib/python3.12/site-packages/dome/__pycache__/trace_sensor_data.cpython-312.pyc
/home/pitosalas/linorobot2_ws/src/dome/install/dome/lib/python3.12/site-packages/dome/__pycache__/test_cmdvel2.cpython-312.pyc
/home/pitosalas/linorobot2_ws/src/dome/install/dome/lib/python3.12/site-packages/dome/__pycache__/sensorcsv.cpython-312.pyc
/home/pitosalas/linorobot2_ws/src/dome/install/dome/share/ament_index/resource_index/packages/dome
/home/pitosalas/linorobot2_ws/src/dome/install/dome/share/dome/package.xml
/home/pitosalas/linorobot2_ws/src/dome/install/dome/share/dome/launch/copied_navigation.launch.py
/home/pitosalas/linorobot2_ws/src/dome/install/dome/share/dome/launch/mini_bringup.launch.yaml
/home/pitosalas/linorobot2_ws/src/dome/install/dome/share/dome/launch/extra_bringup.launch.yaml
/home/pitosalas/linorobot2_ws/src/dome/install/dome/share/dome/launch/navigation_bl.launch.py
/home/pitosalas/linorobot2_ws/src/dome/install/dome/share/dome/launch/remote_bringup.launch.yaml
/home/pitosalas/linorobot2_ws/src/dome/install/dome/share/dome/launch/copied_slam.launch.py
/home/pitosalas/linorobot2_ws/src/dome/install/dome/share/dome/launch/slam_bl.launch.py
/home/pitosalas/linorobot2_ws/src/dome/install/dome/share/dome/launch/bringup.launch.yaml
/home/pitosalas/linorobot2_ws/src/dome/install/dome/share/dome/launch/imu_apply.launch.py
/home/pitosalas/linorobot2_ws/src/dome/install/dome/share/dome/config/slam.yaml
/home/pitosalas/linorobot2_ws/src/dome/install/dome/share/dome/config/ekf.yaml
/home/pitosalas/linorobot2_ws/src/dome/install/dome/share/dome/config/dome1_tf_only.urdf.xacro
/home/pitosalas/linorobot2_ws/src/dome/install/dome/share/dome/config/dome1.urdf.xacro
/home/pitosalas/linorobot2_ws/src/dome/install/dome/share/dome/config/navigation.yaml
/home/pitosalas/linorobot2_ws/src/dome/install/dome/lib/python3.12/site-packages/dome-0.0.0-py3.12.egg-info/zip-safe
/home/pitosalas/linorobot2_ws/src/dome/install/dome/lib/python3.12/site-packages/dome-0.0.0-py3.12.egg-info/SOURCES.txt
/home/pitosalas/linorobot2_ws/src/dome/install/dome/lib/python3.12/site-packages/dome-0.0.0-py3.12.egg-info/top_level.txt
/home/pitosalas/linorobot2_ws/src/dome/install/dome/lib/python3.12/site-packages/dome-0.0.0-py3.12.egg-info/PKG-INFO
/home/pitosalas/linorobot2_ws/src/dome/install/dome/lib/python3.12/site-packages/dome-0.0.0-py3.12.egg-info/entry_points.txt
/home/pitosalas/linorobot2_ws/src/dome/install/dome/lib/python3.12/site-packages/dome-0.0.0-py3.12.egg-info/requires.txt
/home/pitosalas/linorobot2_ws/src/dome/install/dome/lib/python3.12/site-packages/dome-0.0.0-py3.12.egg-info/dependency_links.txt
/home/pitosalas/linorobot2_ws/src/dome/install/dome/lib/dome/dome_controller
/home/pitosalas/linorobot2_ws/src/dome/install/dome/lib/dome/rotation_test
/home/pitosalas/linorobot2_ws/src/dome/install/dome/lib/dome/sensorcsv
/home/pitosalas/linorobot2_ws/src/dome/install/dome/lib/dome/test_cmdvel
/home/pitosalas/linorobot2_ws/src/dome/install/dome/lib/dome/test_cmdvel2
/home/pitosalas/linorobot2_ws/src/dome/install/dome/lib/dome/test_opencv
/home/pitosalas/linorobot2_ws/src/dome/install/dome/lib/dome/timestampmonitor
/home/pitosalas/linorobot2_ws/src/dome/install/dome/lib/dome/topic_hz
/home/pitosalas/linorobot2_ws/src/dome/install/dome/lib/dome/trace_sensor_data
/home/pitosalas/linorobot2_ws/src/dome/install/dome/lib/dome/trace_tf
/home/pitosalas/linorobot2_ws/src/dome/install/dome/lib/dome/trace_tf2
